<?xml version="1.0" encoding="utf-8"?><testsuites name="pytest tests"><testsuite name="pytest" errors="0" failures="0" skipped="0" tests="21" time="2.265" timestamp="2026-04-23T06:39:55.571359+00:00" hostname="agent-env-d0226c41-0da5-48a0-a5e3-132e1d543e10"><testcase classname="backend.tests.backend_test.TestHealth" name="test_root" time="0.279" /><testcase classname="backend.tests.backend_test.TestAdminAuth" name="test_login_success" time="0.275" /><testcase classname="backend.tests.backend_test.TestAdminAuth" name="test_login_wrong_password" time="0.273" /><testcase classname="backend.tests.backend_test.TestAdminAuth" name="test_login_wrong_user" time="0.053" /><testcase classname="backend.tests.backend_test.TestBookings" name="test_create_booking_no_auth" time="0.056" /><testcase classname="backend.tests.backend_test.TestBookings" name="test_get_booking_by_id" time="0.051" /><testcase classname="backend.tests.backend_test.TestBookings" name="test_get_booking_not_found" time="0.049" /><testcase classname="backend.tests.backend_test.TestBookings" name="test_list_bookings_no_auth" time="0.048" /><testcase classname="backend.tests.backend_test.TestBookings" name="test_list_bookings_with_admin" time="0.327" /><testcase classname="backend.tests.backend_test.TestBookings" name="test_update_booking_status" time="0.107" /><testcase classname="backend.tests.backend_test.TestBookings" name="test_update_status_requires_auth" time="0.049" /><testcase classname="backend.tests.backend_test.TestBookings" name="test_delete_booking_requires_auth" time="0.048" /><testcase classname="backend.tests.backend_test.TestBookings" name="test_delete_booking" time="0.104" /><testcase classname="backend.tests.backend_test.TestReviews" name="test_create_driver_review" time="0.061" /><testcase classname="backend.tests.backend_test.TestReviews" name="test_create_car_review" time="0.057" /><testcase classname="backend.tests.backend_test.TestReviews" name="test_create_site_review" time="0.051" /><testcase classname="backend.tests.backend_test.TestReviews" name="test_rating_out_of_range" time="0.050" /><testcase classname="backend.tests.backend_test.TestReviews" name="test_list_reviews" time="0.051" /><testcase classname="backend.tests.backend_test.TestReviews" name="test_filter_driver_reviews" time="0.050" /><testcase classname="backend.tests.backend_test.TestAdminStats" name="test_stats_requires_auth" time="0.048" /><testcase classname="backend.tests.backend_test.TestAdminStats" name="test_stats_with_admin" time="0.052" /></testsuite></testsuites>