<?xml version="1.0" encoding="utf-8"?><testsuites name="pytest tests"><testsuite name="pytest" errors="0" failures="0" skipped="0" tests="29" time="2.786" timestamp="2026-04-25T10:37:01.723651+00:00" hostname="agent-env-d0226c41-0da5-48a0-a5e3-132e1d543e10"><testcase classname="backend.tests.backend_test.TestHealth" name="test_root" time="0.283" /><testcase classname="backend.tests.backend_test.TestHealth" name="test_public_config" time="0.053" /><testcase classname="backend.tests.backend_test.TestAdminAuth" name="test_login_success" time="0.275" /><testcase classname="backend.tests.backend_test.TestAdminAuth" name="test_login_wrong_password" time="0.272" /><testcase classname="backend.tests.backend_test.TestAdminAuth" name="test_login_wrong_user" time="0.048" /><testcase classname="backend.tests.backend_test.TestBookings" name="test_create_booking_with_new_fields" time="0.059" /><testcase classname="backend.tests.backend_test.TestBookings" name="test_create_self_drive_booking" time="0.051" /><testcase classname="backend.tests.backend_test.TestBookings" name="test_get_booking_returns_new_fields" time="0.055" /><testcase classname="backend.tests.backend_test.TestBookings" name="test_get_booking_not_found" time="0.050" /><testcase classname="backend.tests.backend_test.TestBookings" name="test_list_bookings_no_auth" time="0.051" /><testcase classname="backend.tests.backend_test.TestBookings" name="test_list_bookings_admin" time="0.336" /><testcase classname="backend.tests.backend_test.TestBookings" name="test_update_status_admin" time="0.101" /><testcase classname="backend.tests.backend_test.TestReviews" name="test_create_driver_review" time="0.053" /><testcase classname="backend.tests.backend_test.TestReviews" name="test_create_car_review" time="0.052" /><testcase classname="backend.tests.backend_test.TestReviews" name="test_create_site_review" time="0.052" /><testcase classname="backend.tests.backend_test.TestReviews" name="test_rating_out_of_range" time="0.048" /><testcase classname="backend.tests.backend_test.TestReviews" name="test_list_reviews" time="0.048" /><testcase classname="backend.tests.backend_test.TestCarAvailability" name="test_list_initial" time="0.049" /><testcase classname="backend.tests.backend_test.TestCarAvailability" name="test_set_availability_requires_auth" time="0.050" /><testcase classname="backend.tests.backend_test.TestCarAvailability" name="test_set_availability_admin" time="0.110" /><testcase classname="backend.tests.backend_test.TestCarAvailability" name="test_toggle_back_to_available" time="0.107" /><testcase classname="backend.tests.backend_test.TestPayments" name="test_create_order_falls_back_to_upi" time="0.050" /><testcase classname="backend.tests.backend_test.TestPayments" name="test_create_order_unknown_booking" time="0.050" /><testcase classname="backend.tests.backend_test.TestPayments" name="test_verify_disabled_when_razorpay_off" time="0.050" /><testcase classname="backend.tests.backend_test.TestPayments" name="test_upi_notify_updates_booking" time="0.096" /><testcase classname="backend.tests.backend_test.TestPayments" name="test_upi_notify_unknown_booking" time="0.049" /><testcase classname="backend.tests.backend_test.TestAdminStats" name="test_stats_requires_auth" time="0.050" /><testcase classname="backend.tests.backend_test.TestAdminStats" name="test_stats_includes_paid" time="0.050" /><testcase classname="backend.tests.backend_test.TestCleanup" name="test_delete_test_booking" time="0.098" /></testsuite></testsuites>